<?xml version="1.0" encoding="UTF-8"?>
<testsuite xmlns:xsi="http://www.w3.org/2001/XMLSchema-instance" xsi:noNamespaceSchemaLocation="https://maven.apache.org/surefire/maven-surefire-plugin/xsd/surefire-test-report.xsd" version="3.0.2" name="SimpleCalculatorTest" time="0.039" tests="6" errors="0" skipped="0" failures="0">
  <properties>
[...]
</properties>
  <testcase name="testDivideByZero" classname="SimpleCalculatorTest" time="0.016"/>
  <testcase name="testAdd" classname="SimpleCalculatorTest" time="0.001"/>
  <testcase name="testDiv" classname="SimpleCalculatorTest" time="0.001"/>
  <testcase name="testMod" classname="SimpleCalculatorTest" time="0.001"/>
  <testcase name="testMul" classname="SimpleCalculatorTest" time="0.001"/>
  <testcase name="testSub" classname="SimpleCalculatorTest" time="0.001"/>
</testsuite>